SF:/Users/pisitt/Projects/refactor/GildedRose-Refactoring-Kata/csharp.xUnit/GildedRose/GildedRose.cs
FN:53,System.Void GildedRoseKata.GildedRose::UpdateQuality()
FNDA:62,System.Void GildedRoseKata.GildedRose::UpdateQuality()
DA:54,62
DA:77,744
DA:78,310
DA:79,310
DA:80,167
DA:81,167
DA:82,98
DA:83,98
DA:84,33
DA:85,33
DA:86,33
DA:87,98
DA:88,167
DA:90,143
DA:91,143
DA:92,121
DA:93,121
DA:95,121
DA:96,90
DA:97,90
DA:98,83
DA:99,83
DA:100,81
DA:101,81
DA:102,81
DA:103,83
DA:105,90
DA:106,72
DA:107,72
DA:108,71
DA:109,71
DA:110,71
DA:111,72
DA:112,90
DA:113,121
DA:114,143
DA:116,310
DA:117,245
DA:118,245
DA:119,245
DA:121,310
DA:122,202
DA:123,202
DA:124,173
DA:125,173
DA:126,109
DA:127,109
DA:128,40
DA:129,40
DA:130,9
DA:131,9
DA:132,9
DA:133,40
DA:134,109
DA:136,64
DA:137,64
DA:138,64
DA:139,173
DA:141,29
DA:142,29
DA:143,24
DA:144,24
DA:145,24
DA:146,29
DA:147,202
DA:148,310
DA:149,62
BRDA:77,899,1,310
BRDA:79,36,0,273
BRDA:79,36,1,37
BRDA:79,70,0,167
BRDA:81,95,0,98
BRDA:83,127,0,33
BRDA:83,127,1,98
BRDA:81,95,1,167
BRDA:79,70,1,143
BRDA:91,201,0,121
BRDA:95,275,0,90
BRDA:97,306,0,83
BRDA:99,334,0,81
BRDA:99,334,1,83
BRDA:97,306,1,90
BRDA:105,400,0,72
BRDA:107,428,0,71
BRDA:107,428,1,72
BRDA:105,400,1,90
BRDA:95,275,1,121
BRDA:91,201,1,143
BRDA:116,504,0,245
BRDA:116,504,1,310
BRDA:121,569,0,202
BRDA:123,606,0,173
BRDA:125,643,0,109
BRDA:127,670,0,40
BRDA:129,704,0,9
BRDA:129,704,1,40
BRDA:127,670,1,109
BRDA:125,643,1,64
BRDA:123,606,1,29
BRDA:142,833,0,24
BRDA:142,833,1,29
BRDA:121,569,1,310
BRDA:77,899,0,62
FN:8,System.Void GildedRoseKata.GildedRose::.ctor(System.Collections.Generic.IList`1<GildedRoseKata.Item>)
FNDA:10,System.Void GildedRoseKata.GildedRose::.ctor(System.Collections.Generic.IList`1<GildedRoseKata.Item>)
DA:9,10
DA:10,10
DA:11,10
DA:12,10
LF:71
LH:71
BRF:36
BRH:36
FNF:2
FNH:2
end_of_record
SF:/Users/pisitt/Projects/refactor/GildedRose-Refactoring-Kata/csharp.xUnit/GildedRose/Item.cs
FN:4,System.String GildedRoseKata.Item::get_Name()
FNDA:1833,System.String GildedRoseKata.Item::get_Name()
DA:5,1833
FN:5,System.Int32 GildedRoseKata.Item::get_SellIn()
FNDA:1307,System.Int32 GildedRoseKata.Item::get_SellIn()
DA:6,1307
FN:6,System.Int32 GildedRoseKata.Item::get_Quality()
FNDA:1800,System.Int32 GildedRoseKata.Item::get_Quality()
DA:7,1800
LF:3
LH:3
BRF:0
BRH:0
FNF:3
FNH:3
end_of_record
SF:/Users/pisitt/Projects/refactor/GildedRose-Refactoring-Kata/csharp.xUnit/GildedRose/Program.cs
FN:8,System.Void GildedRoseKata.Program::Main(System.String[])
FNDA:1,System.Void GildedRoseKata.Program::Main(System.String[])
DA:9,1
DA:10,1
DA:12,1
DA:13,1
DA:14,1
DA:15,1
DA:16,1
DA:17,1
DA:18,1
DA:19,1
DA:20,1
DA:21,1
DA:22,1
DA:23,1
DA:24,1
DA:25,1
DA:26,1
DA:27,1
DA:28,1
DA:29,1
DA:30,1
DA:31,1
DA:32,1
DA:33,1
DA:34,1
DA:35,1
DA:36,1
DA:37,1
DA:38,1
DA:39,1
DA:41,1
DA:43,1
DA:44,1
DA:45,1
DA:46,1
DA:47,1
DA:49,64
DA:50,31
DA:51,31
DA:52,31
DA:53,620
DA:54,279
DA:55,279
DA:56,279
DA:57,31
DA:58,31
DA:59,31
DA:60,1
BRDA:44,403,0,1
BRDA:44,403,1,1
BRDA:49,628,1,31
BRDA:53,592,1,279
BRDA:53,592,0,31
BRDA:49,628,0,1
LF:48
LH:48
BRF:6
BRH:6
FNF:1
FNH:1
end_of_record